<?xml version="1.0" encoding="UTF-8"?>
<testng-results skipped="0" failed="0" ignored="0" total="1" passed="1">
  <reporter-output>
  </reporter-output>
  <suite name="Default suite" duration-ms="38132" started-at="2020-03-08T21:29:49Z" finished-at="2020-03-08T21:30:27Z">
    <groups>
    </groups>
    <test name="Default test" duration-ms="38132" started-at="2020-03-08T21:29:49Z" finished-at="2020-03-08T21:30:27Z">
      <class name="com.demoappium.How_3_InvokeApp_TestNG">
        <test-method status="PASS" signature="setup()[pri:0, instance:com.demoappium.How_3_InvokeApp_TestNG@39aeed2f]" name="setup" is-config="true" duration-ms="24731" started-at="2020-03-08T21:29:49Z" finished-at="2020-03-08T21:30:14Z">
          <reporter-output>
          </reporter-output>
        </test-method> <!-- setup -->
        <test-method status="PASS" signature="testcase1()[pri:0, instance:com.demoappium.How_3_InvokeApp_TestNG@39aeed2f]" name="testcase1" duration-ms="12824" started-at="2020-03-08T21:30:14Z" finished-at="2020-03-08T21:30:27Z">
          <reporter-output>
          </reporter-output>
        </test-method> <!-- testcase1 -->
        <test-method status="PASS" signature="tearDown()[pri:0, instance:com.demoappium.How_3_InvokeApp_TestNG@39aeed2f]" name="tearDown" is-config="true" duration-ms="546" started-at="2020-03-08T21:30:27Z" finished-at="2020-03-08T21:30:27Z">
          <reporter-output>
          </reporter-output>
        </test-method> <!-- tearDown -->
      </class> <!-- com.demoappium.How_3_InvokeApp_TestNG -->
    </test> <!-- Default test -->
  </suite> <!-- Default suite -->
</testng-results>
