<?xml version="1.0" encoding="UTF-8"?>
<testng-results skipped="0" failed="0" ignored="0" total="1" passed="1">
  <reporter-output>
  </reporter-output>
  <suite name="Default suite" duration-ms="14125" started-at="2019-03-08T22:50:44Z" finished-at="2019-03-08T22:50:58Z">
    <groups>
    </groups>
    <test name="Default test" duration-ms="14125" started-at="2019-03-08T22:50:44Z" finished-at="2019-03-08T22:50:58Z">
      <class name="com.demoappium.How_3_InvokeApp_TestNG">
        <test-method status="PASS" signature="setup()[pri:0, instance:com.demoappium.How_3_InvokeApp_TestNG@28d25987]" name="setup" is-config="true" duration-ms="7453" started-at="2019-03-08T22:50:44Z" finished-at="2019-03-08T22:50:51Z">
          <reporter-output>
          </reporter-output>
        </test-method> <!-- setup -->
        <test-method status="PASS" signature="testcase1()[pri:0, instance:com.demoappium.How_3_InvokeApp_TestNG@28d25987]" name="testcase1" duration-ms="6206" started-at="2019-03-08T22:50:51Z" finished-at="2019-03-08T22:50:57Z">
          <reporter-output>
          </reporter-output>
        </test-method> <!-- testcase1 -->
        <test-method status="PASS" signature="tearDown()[pri:0, instance:com.demoappium.How_3_InvokeApp_TestNG@28d25987]" name="tearDown" is-config="true" duration-ms="437" started-at="2019-03-08T22:50:57Z" finished-at="2019-03-08T22:50:58Z">
          <reporter-output>
          </reporter-output>
        </test-method> <!-- tearDown -->
      </class> <!-- com.demoappium.How_3_InvokeApp_TestNG -->
    </test> <!-- Default test -->
  </suite> <!-- Default suite -->
</testng-results>
